<?xml version="1.0" encoding="UTF-8"?>
<!-- Generated by org.testng.reporters.JUnitReportReporter -->
<testsuite hostname="Klaus" failures="0" tests="1" name="com.Fork.Assessment.Validate_Assessment" time="38.769" errors="0" timestamp="19 Nov 2022 13:36:53 GMT">
  <testcase classname="com.Fork.Assessment.Validate_Assessment" name="assessmentTest" time="38.769"/>
</testsuite> <!-- com.Fork.Assessment.Validate_Assessment -->
